<?xml version="1.0" encoding="UTF-8"?>
<!-- Generated by org.testng.reporters.JUnitXMLReporter -->
<testsuite ignored="0" hostname="LAPTOP-DB01SB4T" failures="0" tests="6" name="Command line test" time="0.083" errors="0" timestamp="2020-07-21T21:52:41 AEST">
  <testcase classname="Rahulshettyacademy.AppiumTest" name="IOSApps" time="0.01"/>
  <testcase classname="Rahulshettyacademy.AppiumTest" name="NativeAppAndroid" time="0.0"/>
  <testcase classname="Rahulshettyacademy.RESTAPITest" name="DeleteTwitter" time="0.0"/>
  <testcase classname="Rahulshettyacademy.RESTAPITest" name="PostJira" time="0.001"/>
  <testcase classname="Rahulshettyacademy.SeleniumTest" name="BrowserAutomation" time="0.001"/>
  <testcase classname="Rahulshettyacademy.SeleniumTest" name="ElementsUI" time="0.001"/>
</testsuite> <!-- Command line test -->
