<?xml version="1.0" encoding="UTF-8"?>
<!-- Generated by org.testng.reporters.JUnitXMLReporter -->
<testsuite ignored="0" hostname="LAPTOP-DB01SB4T" failures="0" tests="4" name="Test" time="0.037" errors="0" timestamp="2020-07-21T19:38:39 AEST">
  <testcase classname="Rahulshettyacademy.RESTAPITest" name="DeleteTwitter" time="0.003"/>
  <testcase classname="Rahulshettyacademy.RESTAPITest" name="PostJira" time="0.0"/>
  <testcase classname="Rahulshettyacademy.SeleniumTest" name="BrowserAutomation" time="0.0"/>
  <testcase classname="Rahulshettyacademy.SeleniumTest" name="ElementsUI" time="0.0"/>
</testsuite> <!-- Test -->
