<?xml version="1.0" encoding="UTF-8"?>
<testng-results ignored="0" total="6" passed="6" failed="0" skipped="0">
  <reporter-output>
  </reporter-output>
  <suite started-at="2020-07-21T21:52:41 AEST" name="Command line suite" finished-at="2020-07-21T21:52:41 AEST" duration-ms="83">
    <groups>
    </groups>
    <test started-at="2020-07-21T21:52:41 AEST" name="Command line test" finished-at="2020-07-21T21:52:41 AEST" duration-ms="83">
      <class name="Rahulshettyacademy.AppiumTest">
        <test-method signature="IOSApps()[pri:0, instance:Rahulshettyacademy.AppiumTest@3d8314f0]" started-at="2020-07-21T21:52:41 AEST" name="IOSApps" finished-at="2020-07-21T21:52:41 AEST" duration-ms="10" status="PASS">
          <reporter-output>
          </reporter-output>
        </test-method> <!-- IOSApps -->
        <test-method signature="NativeAppAndroid()[pri:0, instance:Rahulshettyacademy.AppiumTest@3d8314f0]" started-at="2020-07-21T21:52:41 AEST" name="NativeAppAndroid" finished-at="2020-07-21T21:52:41 AEST" duration-ms="0" status="PASS">
          <reporter-output>
          </reporter-output>
        </test-method> <!-- NativeAppAndroid -->
      </class> <!-- Rahulshettyacademy.AppiumTest -->
      <class name="Rahulshettyacademy.RESTAPITest">
        <test-method signature="DeleteTwitter()[pri:0, instance:Rahulshettyacademy.RESTAPITest@2df32bf7]" started-at="2020-07-21T21:52:41 AEST" name="DeleteTwitter" finished-at="2020-07-21T21:52:41 AEST" duration-ms="0" status="PASS">
          <reporter-output>
          </reporter-output>
        </test-method> <!-- DeleteTwitter -->
        <test-method signature="PostJira()[pri:0, instance:Rahulshettyacademy.RESTAPITest@2df32bf7]" started-at="2020-07-21T21:52:41 AEST" name="PostJira" finished-at="2020-07-21T21:52:41 AEST" duration-ms="1" status="PASS">
          <reporter-output>
          </reporter-output>
        </test-method> <!-- PostJira -->
      </class> <!-- Rahulshettyacademy.RESTAPITest -->
      <class name="Rahulshettyacademy.SeleniumTest">
        <test-method signature="BrowserAutomation()[pri:0, instance:Rahulshettyacademy.SeleniumTest@530612ba]" started-at="2020-07-21T21:52:41 AEST" name="BrowserAutomation" finished-at="2020-07-21T21:52:41 AEST" duration-ms="1" status="PASS">
          <reporter-output>
          </reporter-output>
        </test-method> <!-- BrowserAutomation -->
        <test-method signature="ElementsUI()[pri:0, instance:Rahulshettyacademy.SeleniumTest@530612ba]" started-at="2020-07-21T21:52:41 AEST" name="ElementsUI" finished-at="2020-07-21T21:52:41 AEST" duration-ms="1" status="PASS">
          <reporter-output>
          </reporter-output>
        </test-method> <!-- ElementsUI -->
      </class> <!-- Rahulshettyacademy.SeleniumTest -->
    </test> <!-- Command line test -->
  </suite> <!-- Command line suite -->
</testng-results>
