<?xml version="1.0" encoding="UTF-8"?>
<testng-results ignored="0" total="2" passed="2" failed="0" skipped="0">
  <reporter-output>
  </reporter-output>
  <suite started-at="2020-07-22T21:44:05 AEST" name="Default suite" finished-at="2020-07-22T21:44:05 AEST" duration-ms="57">
    <groups>
    </groups>
    <test started-at="2020-07-22T21:44:05 AEST" name="Default test" finished-at="2020-07-22T21:44:05 AEST" duration-ms="57">
      <class name="Rahulshettyacademy.RESTAPITest">
        <test-method signature="DeleteTwitter()[pri:0, instance:Rahulshettyacademy.RESTAPITest@17046283]" started-at="2020-07-22T21:44:05 AEST" name="DeleteTwitter" finished-at="2020-07-22T21:44:05 AEST" duration-ms="9" status="PASS">
          <reporter-output>
          </reporter-output>
        </test-method> <!-- DeleteTwitter -->
        <test-method signature="PostJira()[pri:0, instance:Rahulshettyacademy.RESTAPITest@17046283]" started-at="2020-07-22T21:44:05 AEST" name="PostJira" finished-at="2020-07-22T21:44:05 AEST" duration-ms="2" status="PASS">
          <reporter-output>
          </reporter-output>
        </test-method> <!-- PostJira -->
      </class> <!-- Rahulshettyacademy.RESTAPITest -->
    </test> <!-- Default test -->
  </suite> <!-- Default suite -->
</testng-results>
